<?xml version="1.0" encoding="UTF-8"?>
<!-- Generated by org.testng.reporters.JUnitXMLReporter -->
<testsuite hostname="arvind-PC" name="Test" tests="5" failures="0" timestamp="28 May 2016 02:09:36 GMT" time="63.643" errors="0">
  <testcase name="calculatepercent4" time="50.279" classname="testng.GridDemo"/>
  <testcase name="calculatepercent3" time="50.756" classname="testng.GridDemo"/>
  <testcase name="calculatepercent" time="57.615" classname="testng.GridDemo"/>
  <testcase name="calculatepercent1" time="62.053" classname="testng.GridDemo"/>
  <testcase name="calculatepercent5" time="63.61" classname="testng.GridDemo"/>
</testsuite> <!-- Test -->
