<?xml version="1.0" encoding="UTF-8" ?>
<testsuites>
  <testsuite errors="0" failures="0" hostname="Macintosh.local" id="0" name="TestFacebook" package="" skipped="1" tests="3" time="16.407" timestamp="2015-08-17T16:41:57">
      <properties>
[...]
</properties>

      <testcase classname="TestFacebook" name="gmailRegistration" time="0.0">
          <skipped />

      </testcase>

      <testcase classname="TestFacebook" name="no_user_and_password" time="8.507" />

      <testcase classname="TestFacebook" name="wrong_user_and_password" time="7.773" />

      <system-out><![CDATA[]]></system-out>

      <system-err><![CDATA[Starting ChromeDriver 2.16.333243 (0bfa1d3575fc1044244f21ddb82bf870944ef961) on port 2144
Only local connections are allowed.
Starting ChromeDriver 2.16.333243 (0bfa1d3575fc1044244f21ddb82bf870944ef961) on port 46582
Only local connections are allowed.
]]></system-err>

  </testsuite>
</testsuites>
