<?xml version="1.0" encoding="UTF-8"?>
<testng-results skipped="0" failed="0" total="2" passed="2">
  <reporter-output>
  </reporter-output>
  <suite name="FirstSuiteExample" duration-ms="26260" started-at="2016-03-05T02:51:38Z" finished-at="2016-03-05T02:52:04Z">
    <groups>
    </groups>
    <test name="FirstTestTestng" duration-ms="26260" started-at="2016-03-05T02:51:38Z" finished-at="2016-03-05T02:52:04Z">
      <class name="testng.TestngSample">
        <test-method status="PASS" signature="beforeClass()[pri:0, instance:testng.TestngSample@16393296]" name="beforeClass" is-config="true" duration-ms="6" started-at="2016-03-05T08:21:38Z" finished-at="2016-03-05T08:21:38Z">
          <reporter-output>
          </reporter-output>
        </test-method> <!-- beforeClass -->
        <test-method status="PASS" signature="beforeMethod()[pri:0, instance:testng.TestngSample@16393296]" name="beforeMethod" is-config="true" duration-ms="6916" started-at="2016-03-05T08:21:38Z" finished-at="2016-03-05T08:21:45Z">
          <reporter-output>
          </reporter-output>
        </test-method> <!-- beforeMethod -->
        <test-method status="PASS" signature="no_user_and_password()[pri:1, instance:testng.TestngSample@16393296]" name="no_user_and_password" duration-ms="5778" started-at="2016-03-05T08:21:45Z" finished-at="2016-03-05T08:21:50Z">
          <reporter-output>
          </reporter-output>
        </test-method> <!-- no_user_and_password -->
        <test-method status="PASS" signature="afterMethod()[pri:0, instance:testng.TestngSample@16393296]" name="afterMethod" is-config="true" duration-ms="0" started-at="2016-03-05T08:21:50Z" finished-at="2016-03-05T08:21:50Z">
          <reporter-output>
          </reporter-output>
        </test-method> <!-- afterMethod -->
        <test-method status="PASS" signature="beforeMethod()[pri:0, instance:testng.TestngSample@16393296]" name="beforeMethod" is-config="true" duration-ms="6020" started-at="2016-03-05T08:21:50Z" finished-at="2016-03-05T08:21:57Z">
          <reporter-output>
          </reporter-output>
        </test-method> <!-- beforeMethod -->
        <test-method status="PASS" signature="wrong_user_and_password()[pri:2, instance:testng.TestngSample@16393296]" name="wrong_user_and_password" duration-ms="7515" started-at="2016-03-05T08:21:57Z" finished-at="2016-03-05T08:22:04Z">
          <reporter-output>
          </reporter-output>
        </test-method> <!-- wrong_user_and_password -->
        <test-method status="PASS" signature="afterMethod()[pri:0, instance:testng.TestngSample@16393296]" name="afterMethod" is-config="true" duration-ms="0" started-at="2016-03-05T08:22:04Z" finished-at="2016-03-05T08:22:04Z">
          <reporter-output>
          </reporter-output>
        </test-method> <!-- afterMethod -->
        <test-method status="PASS" signature="afterClass()[pri:0, instance:testng.TestngSample@16393296]" name="afterClass" is-config="true" duration-ms="1" started-at="2016-03-05T08:22:04Z" finished-at="2016-03-05T08:22:04Z">
          <reporter-output>
          </reporter-output>
        </test-method> <!-- afterClass -->
      </class> <!-- testng.TestngSample -->
    </test> <!-- FirstTestTestng -->
  </suite> <!-- FirstSuiteExample -->
</testng-results>
